<?xml version="1.0" encoding="UTF-8"?>
<!-- Generated by org.testng.reporters.JUnitXMLReporter -->
<testsuite hostname="work-pc" ignored="0" name="Проверка поиска по ГРЗ и полей карты пользователя." tests="2" failures="0" timestamp="05 июл 2017 12:05:37 GMT" time="0.52" errors="0">
  <testcase name="@BeforeSuite setUp" time="58.869" classname="ru.infsol.tests.Tests">
    <failure type="org.openqa.selenium.TimeoutException" message="Expected condition failed: waiting for visibility of element located by By.cssSelector: input#login (tried for 30 second(s) with 500 MILLISECONDS interval)">
      <![CDATA[org.openqa.selenium.TimeoutException: Expected condition failed: waiting for visibility of element located by By.cssSelector: input#login (tried for 30 second(s) with 500 MILLISECONDS interval)
	at org.openqa.selenium.support.ui.WebDriverWait.timeoutException(WebDriverWait.java:80)
	at org.openqa.selenium.support.ui.FluentWait.until(FluentWait.java:232)
	at ru.infsol.pages.LoginPage.setLogin(LoginPage.java:66)
	at ru.infsol.pages.LoginPage.startPage(LoginPage.java:61)
	at ru.infsol.tests.Tests.setUp(Tests.java:43)
Caused by: org.openqa.selenium.NoSuchElementException: Cannot locate an element using By.cssSelector: input#login
For documentation on this error, please visit: http://seleniumhq.org/exceptions/no_such_element.html
Build info: version: '3.4.0', revision: 'unknown', time: 'unknown'
System info: host: 'WORK-PC', ip: '192.168.1.39', os.name: 'Windows 8.1', os.arch: 'amd64', os.version: '6.3', java.version: '1.8.0_131'
Driver info: driver.version: unknown
	at org.openqa.selenium.support.ui.ExpectedConditions.lambda$findElement$0(ExpectedConditions.java:883)
	at java.util.Optional.orElseThrow(Optional.java:290)
	at org.openqa.selenium.support.ui.ExpectedConditions.findElement(ExpectedConditions.java:882)
	at org.openqa.selenium.support.ui.ExpectedConditions.access$000(ExpectedConditions.java:44)
	at org.openqa.selenium.support.ui.ExpectedConditions$7.apply(ExpectedConditions.java:206)
	at org.openqa.selenium.support.ui.ExpectedConditions$7.apply(ExpectedConditions.java:202)
	at org.openqa.selenium.support.ui.FluentWait.until(FluentWait.java:209)
	... 25 more
... Removed 22 stack frames]]>
    </failure>
  </testcase> <!-- @BeforeSuite setUp -->
  <testcase name="@AfterTest afterTest" time="0.0" classname="ru.infsol.tests.Tests">
    <skipped/>
  </testcase> <!-- @AfterTest afterTest -->
  <testcase name="grzTest" time="0.0" classname="ru.infsol.tests.Tests">
    <skipped/>
  </testcase> <!-- grzTest -->
  <testcase name="adminWorkWithUser" time="0.0" classname="ru.infsol.tests.Tests">
    <skipped/>
  </testcase> <!-- adminWorkWithUser -->
</testsuite> <!-- Проверка поиска по ГРЗ и полей карты пользователя. -->
