<?xml version="1.0" encoding="UTF-8" standalone="yes"?>
<ns2:test-suite start="1499423545757" stop="1499423588344" version="1.5.2" xmlns:ns2="urn:model.allure.qatools.yandex.ru">
    <name>Проверка работы вкладки правонарушений и редактирования пользовательских данных. : Проверка поиска по ГРЗ и полей карты пользователя.</name>
    <title>Проверка работы вкладки правонарушений и редактирования пользовательских данных. : Проверка поиска по ГРЗ и полей карты пользователя.</title>
    <test-cases>
        <test-case start="1499423546041" stop="1499423554009" status="passed">
            <name>grzTest</name>
            <steps/>
            <attachments/>
            <labels>
                <label name="testSuite" value="Проверка работы вкладки правонарушений и редактирования пользовательских данных."/>
                <label name="testGroup" value="Проверка поиска по ГРЗ и полей карты пользователя."/>
                <label name="testClass" value="ru.infsol.tests.Tests"/>
                <label name="testMethod" value="grzTest"/>
                <label name="host" value="work-pc"/>
                <label name="thread" value="7048@work-pc.main(1)"/>
            </labels>
        </test-case>
        <test-case start="1499423554016" stop="1499423586218" status="broken">
            <name>adminWorkWithUser</name>
            <failure>
                <message>TimeoutException: Expected condition failed: waiting for visibility of element located by By.xpath: //a[@onclick='return gai.administration.departments.editUser();' (tried for 30 second(s) with 500 MILLISECONDS interval)</message>
                <stack-trace>org.openqa.selenium.TimeoutException: Expected condition failed: waiting for visibility of element located by By.xpath: //a[@onclick='return gai.administration.departments.editUser();' (tried for 30 second(s) with 500 MILLISECONDS interval)
	at org.openqa.selenium.support.ui.WebDriverWait.timeoutException(WebDriverWait.java:80)
	at org.openqa.selenium.support.ui.FluentWait.until(FluentWait.java:232)
	at ru.infsol.pages.AdminPage.addNewUser(AdminPage.java:102)
	at ru.infsol.tests.Tests.adminWorkWithUser(Tests.java:75)
	at sun.reflect.NativeMethodAccessorImpl.invoke0(Native Method)
	at sun.reflect.NativeMethodAccessorImpl.invoke(NativeMethodAccessorImpl.java:62)
	at sun.reflect.DelegatingMethodAccessorImpl.invoke(DelegatingMethodAccessorImpl.java:43)
	at java.lang.reflect.Method.invoke(Method.java:498)
	at org.testng.internal.MethodInvocationHelper.invokeMethod(MethodInvocationHelper.java:108)
	at org.testng.internal.Invoker.invokeMethod(Invoker.java:661)
	at org.testng.internal.Invoker.invokeTestMethod(Invoker.java:869)
	at org.testng.internal.Invoker.invokeTestMethods(Invoker.java:1193)
	at org.testng.internal.TestMethodWorker.invokeTestMethods(TestMethodWorker.java:126)
	at org.testng.internal.TestMethodWorker.run(TestMethodWorker.java:109)
	at org.testng.TestRunner.privateRun(TestRunner.java:744)
	at org.testng.TestRunner.run(TestRunner.java:602)
	at org.testng.SuiteRunner.runTest(SuiteRunner.java:380)
	at org.testng.SuiteRunner.runSequentially(SuiteRunner.java:375)
	at org.testng.SuiteRunner.privateRun(SuiteRunner.java:340)
	at org.testng.SuiteRunner.run(SuiteRunner.java:289)
	at org.testng.SuiteRunnerWorker.runSuite(SuiteRunnerWorker.java:52)
	at org.testng.SuiteRunnerWorker.run(SuiteRunnerWorker.java:86)
	at org.testng.TestNG.runSuitesSequentially(TestNG.java:1301)
	at org.testng.TestNG.runSuitesLocally(TestNG.java:1226)
	at org.testng.TestNG.runSuites(TestNG.java:1144)
	at org.testng.TestNG.run(TestNG.java:1115)
	at org.testng.IDEARemoteTestNG.run(IDEARemoteTestNG.java:72)
	at org.testng.RemoteTestNGStarter.main(RemoteTestNGStarter.java:127)
Caused by: org.openqa.selenium.InvalidSelectorException: Given xpath expression "//a[@onclick='return gai.administration.departments.editUser();'" is invalid: SyntaxError: The expression is not a legal expression.
For documentation on this error, please visit: http://seleniumhq.org/exceptions/invalid_selector_exception.html
Build info: version: '3.4.0', revision: 'unknown', time: 'unknown'
System info: host: 'WORK-PC', ip: '192.168.1.39', os.name: 'Windows 8.1', os.arch: 'amd64', os.version: '6.3', java.version: '1.8.0_131'
Driver info: org.openqa.selenium.firefox.FirefoxDriver
Capabilities [{moz:profile=C:\Users\2BA0~1\AppData\Local\Temp\rust_mozprofile.dOWM9Ce1Ok6C, rotatable=false, timeouts={implicit=0.0, pageLoad=300000.0, script=30000.0}, pageLoadStrategy=normal, platform=ANY, specificationLevel=0.0, moz:accessibilityChecks=false, acceptInsecureCerts=false, browserVersion=54.0.1, platformVersion=6.3, moz:processID=4000.0, browserName=firefox, javascriptEnabled=true, platformName=windows_nt}]
Session ID: 879d12c8-4c97-4213-b997-9c76a092a86c
*** Element info: {Using=xpath, value=//a[@onclick='return gai.administration.departments.editUser();'}
	at sun.reflect.GeneratedConstructorAccessor13.newInstance(Unknown Source)
	at sun.reflect.DelegatingConstructorAccessorImpl.newInstance(DelegatingConstructorAccessorImpl.java:45)
	at java.lang.reflect.Constructor.newInstance(Constructor.java:423)
	at org.openqa.selenium.remote.http.W3CHttpResponseCodec.createException(W3CHttpResponseCodec.java:150)
	at org.openqa.selenium.remote.http.W3CHttpResponseCodec.decode(W3CHttpResponseCodec.java:115)
	at org.openqa.selenium.remote.http.W3CHttpResponseCodec.decode(W3CHttpResponseCodec.java:45)
	at org.openqa.selenium.remote.HttpCommandExecutor.execute(HttpCommandExecutor.java:164)
	at org.openqa.selenium.remote.service.DriverCommandExecutor.execute(DriverCommandExecutor.java:82)
	at org.openqa.selenium.remote.RemoteWebDriver.execute(RemoteWebDriver.java:637)
	at org.openqa.selenium.remote.RemoteWebDriver.findElements(RemoteWebDriver.java:437)
	at org.openqa.selenium.remote.RemoteWebDriver.findElementsByXPath(RemoteWebDriver.java:513)
	at org.openqa.selenium.By$ByXPath.findElements(By.java:356)
	at org.openqa.selenium.remote.RemoteWebDriver.findElements(RemoteWebDriver.java:398)
	at org.openqa.selenium.support.ui.ExpectedConditions.findElement(ExpectedConditions.java:882)
	at org.openqa.selenium.support.ui.ExpectedConditions.access$000(ExpectedConditions.java:44)
	at org.openqa.selenium.support.ui.ExpectedConditions$7.apply(ExpectedConditions.java:206)
	at org.openqa.selenium.support.ui.ExpectedConditions$7.apply(ExpectedConditions.java:202)
	at org.openqa.selenium.support.ui.FluentWait.until(FluentWait.java:209)
	... 26 more
</stack-trace>
            </failure>
            <steps/>
            <attachments/>
            <labels>
                <label name="testSuite" value="Проверка работы вкладки правонарушений и редактирования пользовательских данных."/>
                <label name="testGroup" value="Проверка поиска по ГРЗ и полей карты пользователя."/>
                <label name="testClass" value="ru.infsol.tests.Tests"/>
                <label name="testMethod" value="adminWorkWithUser"/>
                <label name="host" value="work-pc"/>
                <label name="thread" value="7048@work-pc.main(1)"/>
            </labels>
        </test-case>
    </test-cases>
    <labels>
        <label name="framework" value="TestNG"/>
        <label name="language" value="JAVA"/>
    </labels>
</ns2:test-suite>
