<?xml version="1.0" encoding="UTF-8" standalone="yes"?>
<ns2:test-suite start="1499350184335" stop="1499350244254" version="1.5.2" xmlns:ns2="urn:model.allure.qatools.yandex.ru">
    <name>Проверка работы вкладки правонарушений и редактирования пользовательских данных. : Проверка поиска по ГРЗ и полей карты пользователя.</name>
    <title>Проверка работы вкладки правонарушений и редактирования пользовательских данных. : Проверка поиска по ГРЗ и полей карты пользователя.</title>
    <test-cases>
        <test-case start="1499350184557" stop="1499350191809" status="passed">
            <name>grzTest</name>
            <steps/>
            <attachments/>
            <labels>
                <label name="testSuite" value="Проверка работы вкладки правонарушений и редактирования пользовательских данных."/>
                <label name="testGroup" value="Проверка поиска по ГРЗ и полей карты пользователя."/>
                <label name="testClass" value="ru.infsol.tests.Tests"/>
                <label name="testMethod" value="grzTest"/>
                <label name="host" value="work-pc"/>
                <label name="thread" value="184@work-pc.main(1)"/>
            </labels>
        </test-case>
        <test-case start="1499350191818" stop="1499350242598" status="broken">
            <name>adminWorkWithUser</name>
            <failure>
                <message>TimeoutException: Expected condition failed: waiting for visibility of element located by By.xpath: //div[@id='user-groups-list'] (tried for 30 second(s) with 500 MILLISECONDS interval)</message>
                <stack-trace>org.openqa.selenium.TimeoutException: Expected condition failed: waiting for visibility of element located by By.xpath: //div[@id='user-groups-list'] (tried for 30 second(s) with 500 MILLISECONDS interval)
	at org.openqa.selenium.support.ui.WebDriverWait.timeoutException(WebDriverWait.java:80)
	at org.openqa.selenium.support.ui.FluentWait.until(FluentWait.java:232)
	at ru.infsol.pages.AdminPage.workWithGroupOptions(AdminPage.java:127)
	at ru.infsol.tests.Tests.adminWorkWithUser(Tests.java:88)
	at sun.reflect.NativeMethodAccessorImpl.invoke0(Native Method)
	at sun.reflect.NativeMethodAccessorImpl.invoke(NativeMethodAccessorImpl.java:62)
	at sun.reflect.DelegatingMethodAccessorImpl.invoke(DelegatingMethodAccessorImpl.java:43)
	at java.lang.reflect.Method.invoke(Method.java:498)
	at org.testng.internal.MethodInvocationHelper.invokeMethod(MethodInvocationHelper.java:108)
	at org.testng.internal.Invoker.invokeMethod(Invoker.java:661)
	at org.testng.internal.Invoker.invokeTestMethod(Invoker.java:869)
	at org.testng.internal.Invoker.invokeTestMethods(Invoker.java:1193)
	at org.testng.internal.TestMethodWorker.invokeTestMethods(TestMethodWorker.java:126)
	at org.testng.internal.TestMethodWorker.run(TestMethodWorker.java:109)
	at org.testng.TestRunner.privateRun(TestRunner.java:744)
	at org.testng.TestRunner.run(TestRunner.java:602)
	at org.testng.SuiteRunner.runTest(SuiteRunner.java:380)
	at org.testng.SuiteRunner.runSequentially(SuiteRunner.java:375)
	at org.testng.SuiteRunner.privateRun(SuiteRunner.java:340)
	at org.testng.SuiteRunner.run(SuiteRunner.java:289)
	at org.testng.SuiteRunnerWorker.runSuite(SuiteRunnerWorker.java:52)
	at org.testng.SuiteRunnerWorker.run(SuiteRunnerWorker.java:86)
	at org.testng.TestNG.runSuitesSequentially(TestNG.java:1301)
	at org.testng.TestNG.runSuitesLocally(TestNG.java:1226)
	at org.testng.TestNG.runSuites(TestNG.java:1144)
	at org.testng.TestNG.run(TestNG.java:1115)
	at org.testng.IDEARemoteTestNG.run(IDEARemoteTestNG.java:72)
	at org.testng.RemoteTestNGStarter.main(RemoteTestNGStarter.java:127)
Caused by: org.openqa.selenium.NoSuchElementException: Cannot locate an element using By.xpath: //div[@id='user-groups-list']
For documentation on this error, please visit: http://seleniumhq.org/exceptions/no_such_element.html
Build info: version: '3.4.0', revision: 'unknown', time: 'unknown'
System info: host: 'WORK-PC', ip: '192.168.1.39', os.name: 'Windows 8.1', os.arch: 'amd64', os.version: '6.3', java.version: '1.8.0_131'
Driver info: driver.version: unknown
	at org.openqa.selenium.support.ui.ExpectedConditions.lambda$findElement$0(ExpectedConditions.java:883)
	at java.util.Optional.orElseThrow(Optional.java:290)
	at org.openqa.selenium.support.ui.ExpectedConditions.findElement(ExpectedConditions.java:882)
	at org.openqa.selenium.support.ui.ExpectedConditions.access$000(ExpectedConditions.java:44)
	at org.openqa.selenium.support.ui.ExpectedConditions$7.apply(ExpectedConditions.java:206)
	at org.openqa.selenium.support.ui.ExpectedConditions$7.apply(ExpectedConditions.java:202)
	at org.openqa.selenium.support.ui.FluentWait.until(FluentWait.java:209)
	... 26 more
</stack-trace>
            </failure>
            <steps/>
            <attachments/>
            <labels>
                <label name="testSuite" value="Проверка работы вкладки правонарушений и редактирования пользовательских данных."/>
                <label name="testGroup" value="Проверка поиска по ГРЗ и полей карты пользователя."/>
                <label name="testClass" value="ru.infsol.tests.Tests"/>
                <label name="testMethod" value="adminWorkWithUser"/>
                <label name="host" value="work-pc"/>
                <label name="thread" value="184@work-pc.main(1)"/>
            </labels>
        </test-case>
    </test-cases>
    <labels>
        <label name="framework" value="TestNG"/>
        <label name="language" value="JAVA"/>
    </labels>
</ns2:test-suite>
